\BOOKMARK [0][-]{chapter.1}{\376\377\330\075\334\327\000\040\000R\000e\000p\000r\000o\000d\000u\000c\000i\000b\000i\000l\000i\000t\000y\000\040\000i\000n\000\040\000N\000e\000u\000r\000o\000i\000m\000a\000g\000i\000n\000g}{}% 1
\BOOKMARK [1][-]{section.1.1}{\376\377\330\076\335\050\000\040\000W\000h\000y\000\040\000C\000a\000r\000e\000\040\000a\000b\000o\000u\000t\000\040\000R\000e\000p\000r\000o\000d\000u\000c\000i\000b\000i\000l\000i\000t\000y\000?}{chapter.1}% 2
\BOOKMARK [1][-]{section.1.2}{\376\377\330\076\335\024\000\040\000W\000h\000a\000t\040\031\000s\000\040\000a\000t\000\040\000S\000t\000a\000k\000e\000?}{chapter.1}% 3
\BOOKMARK [1][-]{section.1.3}{\376\377\330\075\335\000\000\040\000C\000a\000t\000e\000g\000o\000r\000i\000z\000i\000n\000g\000\040\000R\000e\000p\000r\000o\000d\000u\000c\000i\000b\000i\000l\000i\000t\000y\000:}{chapter.1}% 4
\BOOKMARK [1][-]{section.1.4}{\376\377\330\075\336\251\000\040\000L\000e\000t\040\031\000s\000\040\000S\000t\000a\000r\000t}{chapter.1}% 5
\BOOKMARK [1][-]{section.1.5}{\376\377\330\075\334\321\000\040\000R\000e\000f\000e\000r\000e\000n\000c\000e\000s}{chapter.1}% 6
\BOOKMARK [0][-]{chapter.2}{\376\377\330\075\334\330\000\040\000B\000u\000i\000l\000d\000i\000n\000g\000\040\000R\000e\000p\000r\000o\000d\000u\000c\000i\000b\000l\000e\000\040\000A\000n\000a\000l\000y\000s\000i\000s\000\040\000P\000i\000p\000e\000l\000i\000n\000e\000s}{}% 7
\BOOKMARK [1][-]{section.2.1}{\376\377\330\075\334\330\0001\376\017\040\343\000\040\000C\000o\000d\000i\000n\000g\000\040\000B\000e\000s\000t\000\040\000P\000r\000a\000c\000t\000i\000c\000e\000s}{chapter.2}% 8
\BOOKMARK [2][-]{subsection.2.1.1}{\376\377\330\075\334\143\000\040\000S\000m\000a\000l\000l\000\040\000S\000t\000e\000p\000s\000\040\000T\000o\000w\000a\000r\000d\000\040\000B\000e\000t\000t\000e\000r\000\040\000C\000o\000d\000i\000n\000g\000\040\000P\000r\000a\000c\000t\000i\000c\000e\000s}{section.2.1}% 9
\BOOKMARK [3][-]{subsubsection*.6}{\376\377\330\075\334\335\000\040\000C\000o\000m\000m\000e\000n\000t\000i\000n\000g}{subsection.2.1.1}% 10
\BOOKMARK [3][-]{subsubsection*.7}{\376\377\046\042\376\017\000\040\000V\000a\000r\000i\000a\000b\000l\000e\000s}{subsection.2.1.1}% 11
\BOOKMARK [3][-]{subsubsection*.8}{\376\377\043\351\000\040\000F\000u\000n\000c\000t\000i\000o\000n\000s}{subsection.2.1.1}% 12
\BOOKMARK [3][-]{subsubsection*.9}{\376\377\330\075\335\321\376\017\000\040\000E\000l\000i\000m\000i\000n\000a\000t\000e\000\040\000D\000u\000p\000l\000i\000c\000a\000t\000i\000o\000n}{subsection.2.1.1}% 13
\BOOKMARK [3][-]{subsubsection*.10}{\376\377\330\075\334\254\000\040\000N\000a\000m\000i\000n\000g\000\040\000M\000a\000t\000t\000e\000r\000s}{subsection.2.1.1}% 14
\BOOKMARK [3][-]{subsubsection*.11}{\376\377\330\075\334\346\000\040\000D\000e\000p\000e\000n\000d\000e\000n\000c\000i\000e\000s}{subsection.2.1.1}% 15
\BOOKMARK [3][-]{subsubsection*.12}{\376\377\046\240\376\017\000\040\000A\000v\000o\000i\000d\000\040\000C\000o\000m\000m\000e\000n\000t\000i\000n\000g\000\040\000O\000u\000t\000\040\000C\000o\000d\000e}{subsection.2.1.1}% 16
\BOOKMARK [3][-]{subsubsection*.13}{\376\377\330\075\335\302\376\017\000\040\000A\000r\000c\000h\000i\000v\000e\000\040\000Y\000o\000u\000r\000\040\000C\000o\000d\000e}{subsection.2.1.1}% 17
\BOOKMARK [2][-]{subsection.2.1.2}{\376\377\330\075\334\321\000\040\000R\000e\000f\000e\000r\000e\000n\000c\000e\000s}{section.2.1}% 18
\BOOKMARK [1][-]{section.2.2}{\376\377\330\075\334\330\0002\376\017\040\343\000\040\000U\000s\000i\000n\000g\000\040\000N\000o\000t\000e\000b\000o\000o\000k\000s\000\040\000E\000f\000f\000e\000c\000t\000i\000v\000e\000l\000y}{chapter.2}% 19
\BOOKMARK [2][-]{subsection.2.2.1}{\376\377\330\075\336\200\000\040\000J\000u\000p\000y\000t\000e\000r\000\040\000N\000o\000t\000e\000b\000o\000o\000k\000s\000\040\000t\000o\000\040\000t\000h\000e\000\040\000R\000e\000s\000c\000u\000e}{section.2.2}% 20
\BOOKMARK [3][-]{subsubsection*.16}{Notebooks\040Support\040Multiple\040Languages}{subsection.2.2.1}% 21
\BOOKMARK [3][-]{subsubsection*.17}{Native\040GitHub\040Rendering}{subsection.2.2.1}% 22
\BOOKMARK [3][-]{subsubsection*.18}{Integration\040with\040Live\040Execution\040Environments}{subsection.2.2.1}% 23
\BOOKMARK [3][-]{subsubsection*.19}{Recommended\040directory\040structure}{subsection.2.2.1}% 24
\BOOKMARK [3][-]{subsubsection*.20}{Additional\040Points\040to\040Consider}{subsection.2.2.1}% 25
\BOOKMARK [0][-]{chapter.3}{\376\377\330\075\334\331\000\040\000R\000e\000p\000r\000o\000d\000u\000c\000i\000b\000l\000e\000\040\000S\000c\000i\000e\000n\000t\000i\000f\000i\000c\000\040\000V\000i\000s\000u\000a\000l\000i\000z\000a\000t\000i\000o\000n\000s}{}% 26
\BOOKMARK [1][-]{section.3.1}{\376\377\330\075\334\331\0001\376\017\040\343\000\040\000P\000r\000o\000g\000r\000a\000m\000m\000a\000t\000i\000c\000\040\000V\000i\000s\000u\000a\000l\000i\000z\000a\000t\000i\000o\000n\000s}{chapter.3}% 27
\BOOKMARK [2][-]{subsection.3.1.1}{\376\377\330\075\336\117\000\040\000A\000c\000k\000n\000o\000w\000l\000e\000d\000g\000m\000e\000n\000t}{section.3.1}% 28
\BOOKMARK [2][-]{subsection.3.1.2}{\376\377\330\075\334\100\000\040\000W\000h\000y\000\040\000V\000i\000s\000u\000a\000l\000i\000z\000a\000t\000i\000o\000n\000s\000\040\000M\000a\000t\000t\000e\000r}{section.3.1}% 29
\BOOKMARK [3][-]{subsubsection*.21}{The\040Impact\040of\040Visualization}{subsection.3.1.2}% 30
\BOOKMARK [2][-]{subsection.3.1.3}{\376\377\330\075\335\245\376\017\000\040\000C\000o\000d\000e\000-\000\040\000v\000s\000.\000\040\000G\000U\000I\000-\000B\000a\000s\000e\000d\000\040\000V\000i\000s\000u\000a\000l\000i\000z\000a\000t\000i\000o\000n\000s}{section.3.1}% 31
\BOOKMARK [2][-]{subsection.3.1.4}{\376\377\047\063\376\017\000\040\000W\000h\000y\000\040\000U\000s\000e\000\040\000P\000r\000o\000g\000r\000a\000m\000m\000a\000t\000i\000c\000\040\000V\000i\000s\000u\000a\000l\000i\000z\000a\000t\000i\000o\000n\000s\000?}{section.3.1}% 32
\BOOKMARK [2][-]{subsection.3.1.5}{\376\377\330\075\334\111\000\040\000W\000h\000a\000t\000\040\000N\000e\000x\000t\000?}{section.3.1}% 33
\BOOKMARK [2][-]{subsection.3.1.6}{\376\377\330\075\334\321\000\040\000R\000e\000f\000e\000r\000e\000n\000c\000e\000s}{section.3.1}% 34
\BOOKMARK [1][-]{section.3.2}{\376\377\330\075\334\331\0002\376\017\040\343\000\040\000V\000i\000s\000u\000a\000l\000i\000z\000a\000t\000i\000o\000n\000\040\000T\000o\000o\000l\000s\000\040\000O\000v\000e\000r\000v\000i\000e\000w}{chapter.3}% 35
\BOOKMARK [2][-]{subsection.3.2.1}{\376\377\330\075\334\312\000\040\000G\000e\000n\000e\000r\000a\000l\000\040\000V\000i\000s\000u\000a\000l\000i\000z\000a\000t\000i\000o\000n\000\040\000T\000o\000o\000l\000s}{section.3.2}% 36
\BOOKMARK [3][-]{subsubsection*.23}{Basic\040Plotting\040Libraries}{subsection.3.2.1}% 37
\BOOKMARK [3][-]{subsubsection*.24}{Supporting\040Data\040Structures}{subsection.3.2.1}% 38
\BOOKMARK [3][-]{subsubsection*.25}{Interactive\040Visualizations}{subsection.3.2.1}% 39
\BOOKMARK [3][-]{subsubsection*.26}{Visualizing\040Large\040Datasets\040with\040Shaders}{subsection.3.2.1}% 40
\BOOKMARK [3][-]{subsubsection*.27}{Choosing\040Effective\040Colormaps}{subsection.3.2.1}% 41
\BOOKMARK [2][-]{subsection.3.2.2}{\376\377\330\076\335\340\000\040\000N\000e\000u\000r\000o\000i\000m\000a\000g\000i\000n\000g\000\040\000V\000i\000s\000u\000a\000l\000i\000z\000a\000t\000i\000o\000n\000\040\000T\000o\000o\000l\000s}{section.3.2}% 42
\BOOKMARK [3][-]{subsubsection*.28}{Handling\040Neuroimaging\040Data}{subsection.3.2.2}% 43
\BOOKMARK [3][-]{subsubsection*.29}{Volume\040Slice\040Rendering}{subsection.3.2.2}% 44
\BOOKMARK [3][-]{subsubsection*.31}{Surface-based\040Visualizations}{subsection.3.2.2}% 45
\BOOKMARK [3][-]{subsubsection*.34}{Volume-to-Surface\040Transformation}{subsection.3.2.2}% 46
\BOOKMARK [3][-]{subsubsection*.36}{Tractography\040Visualization}{subsection.3.2.2}% 47
\BOOKMARK [3][-]{subsubsection*.38}{Brain\040Network\040Visualizations}{subsection.3.2.2}% 48
\BOOKMARK [3][-]{subsubsection*.42}{More\040Complex\040Visualizations}{subsection.3.2.2}% 49
\BOOKMARK [2][-]{subsection.3.2.3}{\376\377\330\075\334\240\000\040\000S\000u\000p\000p\000l\000e\000m\000e\000n\000t\000a\000l\000\040\000G\000u\000i\000d\000e\000s\000\040\000a\000n\000d\000\040\000R\000e\000s\000o\000u\000r\000c\000e\000s}{section.3.2}% 50
\BOOKMARK [3][-]{subsubsection*.43}{\376\377\330\075\334\332\000\040\000K\000e\000y\000\040\000P\000u\000b\000l\000i\000c\000a\000t\000i\000o\000n\000s}{subsection.3.2.3}% 51
\BOOKMARK [3][-]{subsubsection*.47}{\376\377\330\075\336\340\376\017\000\040\000T\000o\000o\000l\000s\000\040\000a\000n\000d\000\040\000C\000u\000r\000a\000t\000e\000d\000\040\000R\000e\000s\000o\000u\000r\000c\000e\000s}{subsection.3.2.3}% 52
\BOOKMARK [2][-]{subsection.3.2.4}{\376\377\330\075\334\321\000\040\000R\000e\000f\000e\000r\000e\000n\000c\000e\000s}{section.3.2}% 53
\BOOKMARK [1][-]{section.3.3}{\376\377\330\075\334\331\0003\376\017\040\343\000\040\000P\000r\000a\000c\000t\000i\000c\000a\000l\000\040\000V\000i\000s\000u\000a\000l\000i\000z\000a\000t\000i\000o\000n\000\040\000E\000x\000a\000m\000p\000l\000e\000s}{chapter.3}% 54
\BOOKMARK [2][-]{subsection.3.3.1}{Notebook\040Preparations}{section.3.3}% 55
\BOOKMARK [3][-]{subsubsection*.48}{Google\040Colab}{subsection.3.3.1}% 56
\BOOKMARK [3][-]{subsubsection*.49}{Package\040Imports}{subsection.3.3.1}% 57
\BOOKMARK [3][-]{subsubsection*.50}{Directory\040Setup}{subsection.3.3.1}% 58
\BOOKMARK [3][-]{subsubsection*.51}{Tutorial\040Data}{subsection.3.3.1}% 59
\BOOKMARK [3][-]{subsubsection*.52}{Data\040Sources}{subsection.3.3.1}% 60
\BOOKMARK [2][-]{subsection.3.3.2}{Reproducible\040NeuroImaging\040Visualizations}{section.3.3}% 61
\BOOKMARK [3][-]{subsubsection*.60}{Volume\040Slice\040Rendering}{subsection.3.3.2}% 62
\BOOKMARK [3][-]{subsubsection*.61}{Surface-based\040Visualizations}{subsection.3.3.2}% 63
\BOOKMARK [3][-]{subsubsection*.62}{Volume-to-Surface\040Transformation}{subsection.3.3.2}% 64
\BOOKMARK [3][-]{subsubsection*.63}{Tractography\040Visualization}{subsection.3.3.2}% 65
\BOOKMARK [3][-]{subsubsection*.64}{Brain\040Network\040Visualizations}{subsection.3.3.2}% 66
\BOOKMARK [2][-]{subsection.3.3.3}{\376\377\330\075\334\321\000\040\000R\000e\000f\000e\000r\000e\000n\000c\000e\000s}{section.3.3}% 67
\BOOKMARK [0][-]{chapter.4}{\376\377\330\075\334\321\000\040\000R\000e\000f\000e\000r\000e\000n\000c\000e\000s}{}% 68
\BOOKMARK [0][-]{chapter*.65}{Bibliography}{}% 69
